#setting_D.log
Inputpath Inputfile/                # Path for input
Casepath 2MW-5.5e19/                  # Path for SOLPS case
Outputpath Outputfile/test/data/    # Path for output

N_poloidal          98      # number of the poloidal grid
N_radial            38      # number of the radial grid

K_log               0       # option: Particle way log
StepLog             1       # option: step log
K_H2_elastic        1       # option: molecule elastic collision
K_EcrossBDrift      0       # option: E cross B Drift
K_Recyc             1       # option: Plasma Recycling from Target
K_Rec               1       # option: Plasma Recombination from Target
K_Methane           0       # option: CD4 pump near Target
K_C                 0       # option: C pump near Target
K_Ar                0       # option: Ar pump near Target
K_database          1       # option: 1: ADAS, 2: EIRENE
K_database_Pra      1       # option: 1: ADAS, 2: EIRENE for H or D or T
K_Maxwell           2       # option: 1: standard Maxwell, 2: fast Maxwell
K_Ei                2       # option: 1: use SOLPS-ITER EI, 2: use Te and Ti, 3: use Ti;
K_WallRefl          1       # option: 1: Trim database, 2: Fixed parameters
K_backScatter       1       # option: 1: Chance backing-scatter; 2: Real backing-scatter;
K_MarColl           1       # option: 1: 2 Separate sub-reactions; 2: 1 Sum-reaction;
K_flight            1       # option: 1: mean free path; 2: fixed time step;
K_CX_impurity       1       # option: stwich for impurity particle
K_Puff              0   0   0   0   0   # option
K_D2Flight          0       # option: D2+ flight
K_abnormal_transport    1   # option
K_Rflect            2       # option: 1 for empirical formula of W. Eckstein; 2 for database of Trim; 3 for calculate from Trim
K_RflectDirection   3       # option: 1: Cosine distribution; 2: Half cosine distribution; 3: Specular reflection
backGridBoundry     1       # option
K_Prob              1       # option: 1: add the cross-section; 2: add the collision probability
K_H                 0       # option: H calculation
K_D                 1       $ option: D calculation
K_T                 0       # option: T calculation
K_back              2       # option: plasma backgroung. 1 for H, 2 for D, 3 for T
K_dn                1       # option: 1 for fixed 0.3; 2 file for reading from SOLPS
Ratio_T             0       # option: n_T / n_All
K_CX_DT             0       # option: cross-CX coll
K_DT                0       # option: 1 for D-T simulation
K_Wallelement       1       # option: 1 for W wall, 2 for C wall

dt                  1.e-8   # Time step
t_max               10      # Max time for Particle
numPar_flight       20      # number of test flight each Grid
numPar_flight_D2    10000   # number of pumping D2
numPar_flight_T2    10000   # number of pumping T2
numPar_flight_CD4   50000   # number of test flight of Methane
numPar_flight_Target 5000 # sum of test flight from Wall recycling
Num_D2_pump         5e19    # number of test flight of pumping D2 particle
Num_T2_pump         5e19    # number of test flight of pumping T2 particle
Num_CD4_pump        1e19    # sum of test flight for CD4 seeding
coeff_recyc_target  1       # recycling coefficient of target
coeff_ercyc_wall    1       # recycling coefficient of wall
coeff_puff          0.99    # recycling coefficient of puff location

MeshMode            3       # option: externmesh mode